<?xml version="1.0" encoding="utf-8"?>
<testsuites time="7.803" tests="51" failures="0">
  <testsuite id="0" name="Source.TestSubmission.dll" tests="51" failures="0" time="7.803">
    <testcase classname="Codenation.Challenge.AccelerationServiceTest" name="Codenation.Challenge.AccelerationServiceTest.Should_Be_Right_Acceleration_When_Find_By_Id(id: 1)" time="1.0970000" />
    <testcase classname="Codenation.Challenge.AccelerationServiceTest" name="Codenation.Challenge.AccelerationServiceTest.Should_Be_Right_Acceleration_When_Find_By_Id(id: 2)" time="0.0070000" />
    <testcase classname="Codenation.Challenge.AccelerationServiceTest" name="Codenation.Challenge.AccelerationServiceTest.Should_Be_Right_Acceleration_When_Find_By_Id(id: 3)" time="0.0010000" />
    <testcase classname="Codenation.Challenge.AccelerationServiceTest" name="Codenation.Challenge.AccelerationServiceTest.Should_Update_The_Acceleration_When_Save" time="0.0190000" />
    <testcase classname="Codenation.Challenge.AccelerationServiceTest" name="Codenation.Challenge.AccelerationServiceTest.Should_Be_Right_Accelerations_When_Find_By_Company_Id(companyId: 1)" time="0.1290000" />
    <testcase classname="Codenation.Challenge.AccelerationServiceTest" name="Codenation.Challenge.AccelerationServiceTest.Should_Be_Right_Accelerations_When_Find_By_Company_Id(companyId: 2)" time="0.0050000" />
    <testcase classname="Codenation.Challenge.AccelerationServiceTest" name="Codenation.Challenge.AccelerationServiceTest.Should_Add_New_Acceleration_When_Save" time="0.0040000" />
    <testcase classname="Codenation.Challenge.CandidateServiceTest" name="Codenation.Challenge.CandidateServiceTest.Should_Be_Right_Candidates_When_Find_By_Company_Id(companyId: 2)" time="1.2990000" />
    <testcase classname="Codenation.Challenge.CandidateServiceTest" name="Codenation.Challenge.CandidateServiceTest.Should_Be_Right_Candidates_When_Find_By_Company_Id(companyId: 3)" time="0.0120000" />
    <testcase classname="Codenation.Challenge.CandidateServiceTest" name="Codenation.Challenge.CandidateServiceTest.Should_Be_Right_Candidates_When_Find_By_Company_Id(companyId: 1)" time="0.0030000" />
    <testcase classname="Codenation.Challenge.CandidateServiceTest" name="Codenation.Challenge.CandidateServiceTest.Should_Be_Right_Candidates_When_Find_By_Accelaration_Id(accelerationId: 2)" time="0.0290000" />
    <testcase classname="Codenation.Challenge.CandidateServiceTest" name="Codenation.Challenge.CandidateServiceTest.Should_Be_Right_Candidates_When_Find_By_Accelaration_Id(accelerationId: 3)" time="0.0030000" />
    <testcase classname="Codenation.Challenge.CandidateServiceTest" name="Codenation.Challenge.CandidateServiceTest.Should_Be_Right_Candidates_When_Find_By_Accelaration_Id(accelerationId: 1)" time="0.0030000" />
    <testcase classname="Codenation.Challenge.CandidateServiceTest" name="Codenation.Challenge.CandidateServiceTest.Should_Be_Right_Candidate_When_Find_By_Id(userId: 2, accelerationId: 2, companyId: 2)" time="0.0080000" />
    <testcase classname="Codenation.Challenge.CandidateServiceTest" name="Codenation.Challenge.CandidateServiceTest.Should_Be_Right_Candidate_When_Find_By_Id(userId: 3, accelerationId: 3, companyId: 3)" time="0.0020000" />
    <testcase classname="Codenation.Challenge.CandidateServiceTest" name="Codenation.Challenge.CandidateServiceTest.Should_Be_Right_Candidate_When_Find_By_Id(userId: 1, accelerationId: 1, companyId: 1)" time="0.0010000" />
    <testcase classname="Codenation.Challenge.CandidateServiceTest" name="Codenation.Challenge.CandidateServiceTest.Should_Update_The_Candidate_When_Save" time="0.0040000" />
    <testcase classname="Codenation.Challenge.CandidateServiceTest" name="Codenation.Challenge.CandidateServiceTest.Should_Add_New_Candidate_When_Save" time="0.0010000" />
    <testcase classname="Codenation.Challenge.ChallengeServiceTest" name="Codenation.Challenge.ChallengeServiceTest.Should_Add_New_Challenge_When_Save" time="1.0830000" />
    <testcase classname="Codenation.Challenge.ChallengeServiceTest" name="Codenation.Challenge.ChallengeServiceTest.Should_Be_Right_Challenges_When_Find_By_Accelartion_And_User(accelerationId: 1, userId: 1)" time="0.1690000" />
    <testcase classname="Codenation.Challenge.ChallengeServiceTest" name="Codenation.Challenge.ChallengeServiceTest.Should_Be_Right_Challenges_When_Find_By_Accelartion_And_User(accelerationId: 3, userId: 3)" time="0.0050000" />
    <testcase classname="Codenation.Challenge.ChallengeServiceTest" name="Codenation.Challenge.ChallengeServiceTest.Should_Be_Right_Challenges_When_Find_By_Accelartion_And_User(accelerationId: 2, userId: 2)" time="0.0050000" />
    <testcase classname="Codenation.Challenge.ChallengeServiceTest" name="Codenation.Challenge.ChallengeServiceTest.Should_Update_The_Challenge_When_Save" time="0.0070000" />
    <testcase classname="Codenation.Challenge.CompanyServiceTest" name="Codenation.Challenge.CompanyServiceTest.Should_Be_Right_Companies_When_Find_By_Accelaration_Id(accelerationId: 2)" time="1.2540000" />
    <testcase classname="Codenation.Challenge.CompanyServiceTest" name="Codenation.Challenge.CompanyServiceTest.Should_Be_Right_Companies_When_Find_By_Accelaration_Id(accelerationId: 1)" time="0.0040000" />
    <testcase classname="Codenation.Challenge.CompanyServiceTest" name="Codenation.Challenge.CompanyServiceTest.Should_Add_New_Company_When_Save" time="0.0140000" />
    <testcase classname="Codenation.Challenge.CompanyServiceTest" name="Codenation.Challenge.CompanyServiceTest.Should_Be_Right_Companies_When_Find_By_User_Id(userId: 1)" time="0.0210000" />
    <testcase classname="Codenation.Challenge.CompanyServiceTest" name="Codenation.Challenge.CompanyServiceTest.Should_Be_Right_Companies_When_Find_By_User_Id(userId: 3)" time="0.0040000" />
    <testcase classname="Codenation.Challenge.CompanyServiceTest" name="Codenation.Challenge.CompanyServiceTest.Should_Be_Right_Companies_When_Find_By_User_Id(userId: 2)" time="0.0030000" />
    <testcase classname="Codenation.Challenge.CompanyServiceTest" name="Codenation.Challenge.CompanyServiceTest.Should_Be_Right_Company_When_Find_By_Id(id: 3)" time="0.0130000" />
    <testcase classname="Codenation.Challenge.CompanyServiceTest" name="Codenation.Challenge.CompanyServiceTest.Should_Be_Right_Company_When_Find_By_Id(id: 2)" time="0.0010000" />
    <testcase classname="Codenation.Challenge.CompanyServiceTest" name="Codenation.Challenge.CompanyServiceTest.Should_Be_Right_Company_When_Find_By_Id(id: 1)" time="0.0010000" />
    <testcase classname="Codenation.Challenge.CompanyServiceTest" name="Codenation.Challenge.CompanyServiceTest.Should_Update_The_Company_When_Save" time="0.0050000" />
    <testcase classname="Codenation.Challenge.SubmissionServiceTest" name="Codenation.Challenge.SubmissionServiceTest.Should_Add_New_Submission_When_Save" time="1.0830000" />
    <testcase classname="Codenation.Challenge.SubmissionServiceTest" name="Codenation.Challenge.SubmissionServiceTest.Should_Be_Right_Submissions_When_Find_By_Challenge_And_Acceleration(challengeId: 3, accelerationId: 3)" time="0.0800000" />
    <testcase classname="Codenation.Challenge.SubmissionServiceTest" name="Codenation.Challenge.SubmissionServiceTest.Should_Be_Right_Submissions_When_Find_By_Challenge_And_Acceleration(challengeId: 1, accelerationId: 1)" time="0.0040000" />
    <testcase classname="Codenation.Challenge.SubmissionServiceTest" name="Codenation.Challenge.SubmissionServiceTest.Should_Be_Right_Submissions_When_Find_By_Challenge_And_Acceleration(challengeId: 2, accelerationId: 2)" time="0.0040000" />
    <testcase classname="Codenation.Challenge.SubmissionServiceTest" name="Codenation.Challenge.SubmissionServiceTest.Should_Be_Higher_Score_When_Get_By_Challenge_Id(challengeId: 3)" time="0.0610000" />
    <testcase classname="Codenation.Challenge.SubmissionServiceTest" name="Codenation.Challenge.SubmissionServiceTest.Should_Be_Higher_Score_When_Get_By_Challenge_Id(challengeId: 1)" time="0.0040000" />
    <testcase classname="Codenation.Challenge.SubmissionServiceTest" name="Codenation.Challenge.SubmissionServiceTest.Should_Be_Higher_Score_When_Get_By_Challenge_Id(challengeId: 2)" time="0.0030000" />
    <testcase classname="Codenation.Challenge.SubmissionServiceTest" name="Codenation.Challenge.SubmissionServiceTest.Should_Update_The_Sumission_When_Save" time="0.0140000" />
    <testcase classname="Codenation.Challenge.UserServiceTest" name="Codenation.Challenge.UserServiceTest.Should_Be_Right_Users_When_Find_By_Accelaration_Name(accelerationName: &quot;Velvet Grass&quot;)" time="1.2640000" />
    <testcase classname="Codenation.Challenge.UserServiceTest" name="Codenation.Challenge.UserServiceTest.Should_Be_Right_Users_When_Find_By_Accelaration_Name(accelerationName: &quot;Progesterone&quot;)" time="0.0050000" />
    <testcase classname="Codenation.Challenge.UserServiceTest" name="Codenation.Challenge.UserServiceTest.Should_Be_Right_Users_When_Find_By_Company_Id(companyId: 3)" time="0.0240000" />
    <testcase classname="Codenation.Challenge.UserServiceTest" name="Codenation.Challenge.UserServiceTest.Should_Be_Right_Users_When_Find_By_Company_Id(companyId: 1)" time="0.0030000" />
    <testcase classname="Codenation.Challenge.UserServiceTest" name="Codenation.Challenge.UserServiceTest.Should_Be_Right_Users_When_Find_By_Company_Id(companyId: 2)" time="0.0030000" />
    <testcase classname="Codenation.Challenge.UserServiceTest" name="Codenation.Challenge.UserServiceTest.Should_Return_Right_User_When_Find_By_Id(id: 1)" time="0.0200000" />
    <testcase classname="Codenation.Challenge.UserServiceTest" name="Codenation.Challenge.UserServiceTest.Should_Return_Right_User_When_Find_By_Id(id: 3)" time="0.0010000" />
    <testcase classname="Codenation.Challenge.UserServiceTest" name="Codenation.Challenge.UserServiceTest.Should_Return_Right_User_When_Find_By_Id(id: 2)" time="0.0020000" />
    <testcase classname="Codenation.Challenge.UserServiceTest" name="Codenation.Challenge.UserServiceTest.Should_Add_New_User_When_Save" time="0.0020000" />
    <testcase classname="Codenation.Challenge.UserServiceTest" name="Codenation.Challenge.UserServiceTest.Should_Update_The_User_When_Save" time="0.0100000" />
  </testsuite>
</testsuites>